python: can't open file '/home/gr47/Desktop/iitkgp/sem6/DBMS-Lab/Assignment4/scheduler.py': [Errno 2] No such file or directory
Traceback (most recent call last):
  File "/home/gr47/Desktop/iitkgp/sem6/DBMS-Lab/Assignment4/backend/scheduler.py", line 3, in <module>
    from api.utils import send_weekly_email
  File "/home/gr47/Desktop/iitkgp/sem6/DBMS-Lab/Assignment4/backend/api/utils.py", line 3, in <module>
    from job.models import UserProfile
  File "/home/gr47/Desktop/iitkgp/sem6/DBMS-Lab/Assignment4/backend/job/models.py", line 2, in <module>
    from django.contrib.auth.models import User
  File "/home/gr47/Desktop/iitkgp/sem6/DBMS-Lab/Assignment4/.env/lib/python3.10/site-packages/django/contrib/auth/models.py", line 3, in <module>
    from django.contrib.auth.base_user import AbstractBaseUser, BaseUserManager
  File "/home/gr47/Desktop/iitkgp/sem6/DBMS-Lab/Assignment4/.env/lib/python3.10/site-packages/django/contrib/auth/base_user.py", line 49, in <module>
    class AbstractBaseUser(models.Model):
  File "/home/gr47/Desktop/iitkgp/sem6/DBMS-Lab/Assignment4/.env/lib/python3.10/site-packages/django/db/models/base.py", line 127, in __new__
    app_config = apps.get_containing_app_config(module)
  File "/home/gr47/Desktop/iitkgp/sem6/DBMS-Lab/Assignment4/.env/lib/python3.10/site-packages/django/apps/registry.py", line 260, in get_containing_app_config
    self.check_apps_ready()
  File "/home/gr47/Desktop/iitkgp/sem6/DBMS-Lab/Assignment4/.env/lib/python3.10/site-packages/django/apps/registry.py", line 137, in check_apps_ready
    settings.INSTALLED_APPS
  File "/home/gr47/Desktop/iitkgp/sem6/DBMS-Lab/Assignment4/.env/lib/python3.10/site-packages/django/conf/__init__.py", line 92, in __getattr__
    self._setup(name)
  File "/home/gr47/Desktop/iitkgp/sem6/DBMS-Lab/Assignment4/.env/lib/python3.10/site-packages/django/conf/__init__.py", line 72, in _setup
    raise ImproperlyConfigured(
django.core.exceptions.ImproperlyConfigured: Requested setting INSTALLED_APPS, but settings are not configured. You must either define the environment variable DJANGO_SETTINGS_MODULE or call settings.configure() before accessing settings.
